<?xml version="1.0" encoding="UTF-8"?>
<testng-results ignored="0" total="1" passed="1" failed="0" skipped="0">
  <reporter-output>
  </reporter-output>
  <suite started-at="2025-05-28T12:01:30 IST" name="Suite" finished-at="2025-05-28T12:01:34 IST" duration-ms="4188">
    <groups>
    </groups>
    <test started-at="2025-05-28T12:01:30 IST" name="Test" finished-at="2025-05-28T12:01:34 IST" duration-ms="4188">
      <class name="test_script.AdminUsersTest">
        <test-method is-config="true" signature="browserInitialization(java.lang.String)[pri:0, instance:test_script.AdminUsersTest@74d1dc36]" started-at="2025-05-28T12:01:30 IST" name="browserInitialization" finished-at="2025-05-28T12:01:33 IST" duration-ms="2533" status="PASS">
          <params>
            <param index="0">
              <value>
                <![CDATA[chrome]]>
              </value>
            </param>
          </params>
          <reporter-output>
          </reporter-output>
        </test-method> <!-- browserInitialization -->
        <test-method signature="adminUsersTest()[pri:0, instance:test_script.AdminUsersTest@74d1dc36]" started-at="2025-05-28T12:01:33 IST" name="adminUsersTest" finished-at="2025-05-28T12:01:34 IST" duration-ms="1592" status="PASS">
          <reporter-output>
          </reporter-output>
        </test-method> <!-- adminUsersTest -->
        <test-method is-config="true" signature="browserQuit(org.testng.ITestResult)[pri:0, instance:test_script.AdminUsersTest@74d1dc36]" started-at="2025-05-28T12:01:34 IST" name="browserQuit" finished-at="2025-05-28T12:01:34 IST" duration-ms="14" status="PASS">
          <params>
            <param index="0">
              <value>
                <![CDATA[[TestResult name=adminUsersTest status=SUCCESS method=AdminUsersTest.adminUsersTest()[pri:0, instance:test_script.AdminUsersTest@74d1dc36] output={null}]]]>
              </value>
            </param>
          </params>
          <reporter-output>
          </reporter-output>
        </test-method> <!-- browserQuit -->
      </class> <!-- test_script.AdminUsersTest -->
    </test> <!-- Test -->
  </suite> <!-- Suite -->
</testng-results>
