<?xml version="1.0" encoding="UTF-8"?>
<!-- Generated by org.testng.reporters.JUnitXMLReporter -->
<testsuite ignored="3" hostname="LAPTOP-92ICR69A" failures="0" tests="1" name="Test" time="6.815" errors="0" timestamp="2025-05-26T11:34:06 IST">
  <testcase classname="test_script.LoginTest" name="logintest" time="2.003"/>
  <testcase classname="test_script.LoginTest" name="logintest3" time="0.0">
    <ignored/>
  </testcase> <!-- logintest3 -->
  <testcase classname="test_script.LoginTest" name="logintest2" time="0.0">
    <ignored/>
  </testcase> <!-- logintest2 -->
  <testcase classname="test_script.LoginTest" name="logintest1" time="0.0">
    <ignored/>
  </testcase> <!-- logintest1 -->
</testsuite> <!-- Test -->
